<?xml version="1.0" encoding="UTF-8"?>
<!-- Generated by org.testng.reporters.JUnitReportReporter -->
<testsuite name="test.java.com.varun.tests.QuestionOne" tests="1" time="0.011" ignored="0" failures="0" timestamp="22 Apr 2018 05:52:13 GMT" skipped="0" hostname="5TS206486983ML.local" errors="0">
  <testcase name="testQuestionOne" time="0.011" classname="test.java.com.varun.tests.QuestionOne"/>
</testsuite> <!-- test.java.com.varun.tests.QuestionOne -->
