<?xml version="1.0" encoding="UTF-8"?>
<!-- Generated by org.testng.reporters.JUnitReportReporter -->
<testsuite name="test.java.com.varun.tests.QuestionThree" tests="1" time="0.005" ignored="0" failures="0" timestamp="22 Apr 2018 05:52:13 GMT" skipped="0" hostname="5TS206486983ML.local" errors="0">
  <testcase name="testPrintSmallestRandomNumber" time="0.005" classname="test.java.com.varun.tests.QuestionThree"/>
</testsuite> <!-- test.java.com.varun.tests.QuestionThree -->
